# JRE version: Java(TM) SE Runtime Environment (20.0.1+9) (build 20.0.1+9-29)
# Java VM: Java HotSpot(TM) 64-Bit Server VM (20.0.1+9-29, mixed mode, sharing, tiered, compressed oops, compressed class ptrs, g1 gc, windows-amd64)
GC Precious Log:
 CardTable entry size: 512
 Card Set container configuration: InlinePtr #cards 5 size 8 Array Of Cards #cards 12 size 40 Howl #buckets 4 coarsen threshold 1843 Howl Bitmap #cards 512 size 80 coarsen threshold 460 Card regions per heap region 1 cards per card region 2048
 CPUs: 2 total, 2 available
 Memory: 1964M
 Large Page Support: Disabled
 NUMA Support: Disabled
 Compressed Oops: Enabled (32-bit)
 Heap Region Size: 1M
 Heap Min Capacity: 8M
 Heap Initial Capacity: 32M
 Heap Max Capacity: 492M
 Pre-touch: Disabled
 Parallel Workers: 2
 Concurrent Workers: 1
 Concurrent Refinement Workers: 2
 Periodic GC: Disabled
Heap:
 garbage-first heap   total 107520K, used 68349K [0x00000000e1400000, 0x0000000100000000)
  region size 1024K, 7 young (7168K), 2 survivors (2048K)
 Metaspace       used 37853K, committed 38208K, reserved 1114112K
  class space    used 4057K, committed 4224K, reserved 1048576K
GC Heap History (20 events):
Event: 948.309 GC heap before
{Heap before GC invocations=42 (full 0):
 garbage-first heap   total 66560K, used 59663K [0x00000000e1400000, 0x0000000100000000)
  region size 1024K, 22 young (22528K), 2 survivors (2048K)
 Metaspace       used 27049K, committed 27328K, reserved 1114112K
  class space    used 2887K, committed 3008K, reserved 1048576K
}
Event: 948.341 GC heap after
{Heap after GC invocations=43 (full 0):
 garbage-first heap   total 66560K, used 39122K [0x00000000e1400000, 0x0000000100000000)
  region size 1024K, 2 young (2048K), 2 survivors (2048K)
 Metaspace       used 27049K, committed 27328K, reserved 1114112K
  class space    used 2887K, committed 3008K, reserved 1048576K
}
Event: 967.485 GC heap before
{Heap before GC invocations=43 (full 0):
 garbage-first heap   total 66560K, used 59602K [0x00000000e1400000, 0x0000000100000000)
  region size 1024K, 22 young (22528K), 2 survivors (2048K)
 Metaspace       used 27131K, committed 27392K, reserved 1114112K
  class space    used 2893K, committed 3008K, reserved 1048576K
}
Event: 967.555 GC heap after
{Heap after GC invocations=44 (full 0):
 garbage-first heap   total 66560K, used 39172K [0x00000000e1400000, 0x0000000100000000)
  region size 1024K, 2 young (2048K), 2 survivors (2048K)
 Metaspace       used 27131K, committed 27392K, reserved 1114112K
  class space    used 2893K, committed 3008K, reserved 1048576K
}
Event: 1006.845 GC heap before
{Heap before GC invocations=45 (full 0):
 garbage-first heap   total 93184K, used 91396K [0x00000000e1400000, 0x0000000100000000)
  region size 1024K, 20 young (20480K), 2 survivors (2048K)
 Metaspace       used 29860K, committed 30208K, reserved 1114112K
  class space    used 3189K, committed 3328K, reserved 1048576K
}
Event: 1007.074 GC heap after
{Heap after GC invocations=46 (full 0):
 garbage-first heap   total 96256K, used 40669K [0x00000000e1400000, 0x0000000100000000)
  region size 1024K, 3 young (3072K), 3 survivors (3072K)
 Metaspace       used 29860K, committed 30208K, reserved 1114112K
  class space    used 3189K, committed 3328K, reserved 1048576K
}
Event: 1158.621 GC heap before
{Heap before GC invocations=46 (full 0):
 garbage-first heap   total 96256K, used 80605K [0x00000000e1400000, 0x0000000100000000)
  region size 1024K, 37 young (37888K), 3 survivors (3072K)
 Metaspace       used 35941K, committed 36352K, reserved 1114112K
  class space    used 3877K, committed 4096K, reserved 1048576K
}
Event: 1158.984 GC heap after
{Heap after GC invocations=47 (full 0):
 garbage-first heap   total 96256K, used 51700K [0x00000000e1400000, 0x0000000100000000)
  region size 1024K, 5 young (5120K), 5 survivors (5120K)
 Metaspace       used 35941K, committed 36352K, reserved 1114112K
  class space    used 3877K, committed 4096K, reserved 1048576K
}
Event: 1159.464 GC heap before
{Heap before GC invocations=47 (full 0):
 garbage-first heap   total 96256K, used 52724K [0x00000000e1400000, 0x0000000100000000)
  region size 1024K, 6 young (6144K), 5 survivors (5120K)
 Metaspace       used 35943K, committed 36352K, reserved 1114112K
  class space    used 3877K, committed 4096K, reserved 1048576K
}
Event: 1159.719 GC heap after
{Heap after GC invocations=48 (full 0):
 garbage-first heap   total 96256K, used 51388K [0x00000000e1400000, 0x0000000100000000)
  region size 1024K, 1 young (1024K), 1 survivors (1024K)
 Metaspace       used 35943K, committed 36352K, reserved 1114112K
  class space    used 3877K, committed 4096K, reserved 1048576K
}
Event: 1183.472 GC heap before
{Heap before GC invocations=48 (full 0):
 garbage-first heap   total 96256K, used 65724K [0x00000000e1400000, 0x0000000100000000)
  region size 1024K, 15 young (15360K), 1 survivors (1024K)
 Metaspace       used 35953K, committed 36352K, reserved 1114112K
  class space    used 3877K, committed 4096K, reserved 1048576K
}
Event: 1183.546 GC heap after
{Heap after GC invocations=49 (full 0):
 garbage-first heap   total 96256K, used 54784K [0x00000000e1400000, 0x0000000100000000)
  region size 1024K, 2 young (2048K), 2 survivors (2048K)
 Metaspace       used 35953K, committed 36352K, reserved 1114112K
  class space    used 3877K, committed 4096K, reserved 1048576K
}
Event: 1202.923 GC heap before
{Heap before GC invocations=49 (full 0):
 garbage-first heap   total 96256K, used 69120K [0x00000000e1400000, 0x0000000100000000)
  region size 1024K, 16 young (16384K), 2 survivors (2048K)
 Metaspace       used 35992K, committed 36416K, reserved 1114112K
  class space    used 3877K, committed 4096K, reserved 1048576K
}
Event: 1203.086 GC heap after
{Heap after GC invocations=50 (full 0):
 garbage-first heap   total 96256K, used 58218K [0x00000000e1400000, 0x0000000100000000)
  region size 1024K, 2 young (2048K), 2 survivors (2048K)
 Metaspace       used 35992K, committed 36416K, reserved 1114112K
  class space    used 3877K, committed 4096K, reserved 1048576K
}
Event: 1211.912 GC heap before
{Heap before GC invocations=50 (full 0):
 garbage-first heap   total 96256K, used 68458K [0x00000000e1400000, 0x0000000100000000)
  region size 1024K, 12 young (12288K), 2 survivors (2048K)
 Metaspace       used 36001K, committed 36416K, reserved 1114112K
  class space    used 3877K, committed 4096K, reserved 1048576K
}
Event: 1211.997 GC heap after
{Heap after GC invocations=51 (full 0):
 garbage-first heap   total 96256K, used 62058K [0x00000000e1400000, 0x0000000100000000)
  region size 1024K, 2 young (2048K), 2 survivors (2048K)
 Metaspace       used 36001K, committed 36416K, reserved 1114112K
  class space    used 3877K, committed 4096K, reserved 1048576K
}
Event: 1226.807 GC heap before
{Heap before GC invocations=52 (full 0):
 garbage-first heap   total 107520K, used 70250K [0x00000000e1400000, 0x0000000100000000)
  region size 1024K, 11 young (11264K), 2 survivors (2048K)
 Metaspace       used 36626K, committed 37056K, reserved 1114112K
  class space    used 3939K, committed 4160K, reserved 1048576K
}
Event: 1226.884 GC heap after
{Heap after GC invocations=53 (full 0):
 garbage-first heap   total 107520K, used 64275K [0x00000000e1400000, 0x0000000100000000)
  region size 1024K, 2 young (2048K), 2 survivors (2048K)
 Metaspace       used 36626K, committed 37056K, reserved 1114112K
  class space    used 3939K, committed 4160K, reserved 1048576K
}
Event: 1240.999 GC heap before
{Heap before GC invocations=53 (full 0):
 garbage-first heap   total 107520K, used 74515K [0x00000000e1400000, 0x0000000100000000)
  region size 1024K, 12 young (12288K), 2 survivors (2048K)
 Metaspace       used 37407K, committed 37824K, reserved 1114112K
  class space    used 4009K, committed 4224K, reserved 1048576K
}
Event: 1241.104 GC heap after
{Heap after GC invocations=54 (full 0):
 garbage-first heap   total 107520K, used 65277K [0x00000000e1400000, 0x0000000100000000)
  region size 1024K, 2 young (2048K), 2 survivors (2048K)
 Metaspace       used 37407K, committed 37824K, reserved 1114112K
  class space    used 4009K, committed 4224K, reserved 1048576K
}

